<?xml version="1.0" encoding="UTF-8"?>
<testng-results skipped="0" failed="0" total="1" passed="1">
  <reporter-output>
  </reporter-output>
  <suite name="Suite" duration-ms="13597" started-at="2018-11-25T14:51:47Z" finished-at="2018-11-25T14:52:01Z">
    <groups>
    </groups>
    <test name="Smoke" duration-ms="13597" started-at="2018-11-25T14:51:47Z" finished-at="2018-11-25T14:52:01Z">
      <class name="com.kalbi.test.smoke.CITTest">
        <test-method status="PASS" signature="preCondition()[pri:0, instance:com.kalbi.test.smoke.CITTest@45c8e616]" name="preCondition" is-config="true" duration-ms="13032" started-at="2018-11-25T20:21:47Z" finished-at="2018-11-25T20:22:00Z">
          <reporter-output>
          </reporter-output>
        </test-method> <!-- preCondition -->
        <test-method status="PASS" signature="testSample()[pri:0, instance:com.kalbi.test.smoke.CITTest@45c8e616]" name="testSample" duration-ms="112" started-at="2018-11-25T20:22:00Z" finished-at="2018-11-25T20:22:00Z">
          <reporter-output>
          </reporter-output>
        </test-method> <!-- testSample -->
        <test-method status="PASS" signature="postCondition()[pri:0, instance:com.kalbi.test.smoke.CITTest@45c8e616]" name="postCondition" is-config="true" duration-ms="438" started-at="2018-11-25T20:22:00Z" finished-at="2018-11-25T20:22:01Z">
          <reporter-output>
          </reporter-output>
        </test-method> <!-- postCondition -->
      </class> <!-- com.kalbi.test.smoke.CITTest -->
    </test> <!-- Smoke -->
  </suite> <!-- Suite -->
</testng-results>
