<?xml version="1.0" encoding="UTF-8"?>
<testng-results skipped="0" failed="0" ignored="0" total="1" passed="1">
  <reporter-output>
  </reporter-output>
  <suite name="Suite" duration-ms="16330" started-at="2018-11-25T14:49:02Z" finished-at="2018-11-25T14:49:19Z">
    <groups>
    </groups>
    <test name="Smoke" duration-ms="16330" started-at="2018-11-25T14:49:02Z" finished-at="2018-11-25T14:49:19Z">
      <class name="com.kalbi.test.smoke.CITTest">
        <test-method status="PASS" signature="preCondition()[pri:0, instance:com.kalbi.test.smoke.CITTest@3abbfa04]" name="preCondition" is-config="true" duration-ms="13953" started-at="2018-11-25T14:49:02Z" finished-at="2018-11-25T14:49:16Z">
          <reporter-output>
          </reporter-output>
        </test-method> <!-- preCondition -->
        <test-method status="PASS" signature="testSample()[pri:0, instance:com.kalbi.test.smoke.CITTest@3abbfa04]" name="testSample" duration-ms="152" started-at="2018-11-25T14:49:16Z" finished-at="2018-11-25T14:49:16Z">
          <reporter-output>
          </reporter-output>
        </test-method> <!-- testSample -->
        <test-method status="PASS" signature="postCondition()[pri:0, instance:com.kalbi.test.smoke.CITTest@3abbfa04]" name="postCondition" is-config="true" duration-ms="2190" started-at="2018-11-25T14:49:16Z" finished-at="2018-11-25T14:49:19Z">
          <reporter-output>
          </reporter-output>
        </test-method> <!-- postCondition -->
      </class> <!-- com.kalbi.test.smoke.CITTest -->
    </test> <!-- Smoke -->
  </suite> <!-- Suite -->
</testng-results>
